<?xml version="1.0" encoding="UTF-8"?>
<!-- Generated by org.testng.reporters.JUnitReportReporter -->
<testsuite hostname="Ganesha-11" failures="0" tests="1" name="FreshJuice.Mango" time="0.001" errors="0" timestamp="2022-05-10T18:27:57 EDT" skipped="0">
  <testcase classname="FreshJuice.Mango" name="sweetMango" time="0.001"/>
  <system-out/>
</testsuite> <!-- FreshJuice.Mango -->
