<?xml version="1.0" encoding="UTF-8"?>
<!-- Generated by org.testng.reporters.JUnitReportReporter -->
<testsuite hostname="Ganesha-11" failures="0" tests="3" name="Milkshakes.Stawberry" time="0.002" errors="0" timestamp="2022-05-10T20:16:12 EDT" skipped="0">
  <testcase classname="Milkshakes.Stawberry" name="stawberryApple" time="0.000"/>
  <system-out/>
  <testcase classname="Milkshakes.Stawberry" name="stawberryBanana" time="0.000"/>
  <system-out/>
  <testcase classname="Milkshakes.Stawberry" name="stawberry" time="0.002"/>
  <system-out/>
</testsuite> <!-- Milkshakes.Stawberry -->
