<?xml version="1.0" encoding="UTF-8"?>
<!-- Generated by org.testng.reporters.JUnitReportReporter -->
<testsuite hostname="Ganesha-11" failures="0" tests="1" name="Thickshakes.Chocolate" time="0.001" errors="0" timestamp="2022-06-16T23:44:33 EDT" skipped="0">
  <testcase classname="Thickshakes.Chocolate" name="Oreo" time="0.001"/>
  <system-out/>
</testsuite> <!-- Thickshakes.Chocolate -->
