<?xml version="1.0" encoding="UTF-8"?>
<!-- Generated by org.testng.reporters.JUnitReportReporter -->
<testsuite hostname="Ganesha-11" failures="0" tests="1" name="FreshJuice.Pineapple" time="0.007" errors="0" timestamp="2022-06-16T23:44:33 EDT" skipped="0">
  <testcase classname="FreshJuice.Pineapple" name="khattaPineapple" time="0.007"/>
  <system-out/>
</testsuite> <!-- FreshJuice.Pineapple -->
